<?xml version="1.0" encoding="UTF-8"?>
<!-- Generated by org.testng.reporters.JUnitReportReporter -->
<testsuite hostname="DELL" name="com.qa.mytest.LoginTest" tests="4" failures="0" timestamp="20 Apr 2020 14:43:18 GMT" time="71.796" errors="0">
  <testcase name="verifyLoginPageTitleTest" time="11.704" classname="com.qa.mytest.LoginTest"/>
  <testcase name="doLoginTest" time="26.976" classname="com.qa.mytest.LoginTest"/>
  <testcase name="verifyLoginPageHeaderTest" time="16.080" classname="com.qa.mytest.LoginTest"/>
  <testcase name="verifyForgotPasswordLinkTest" time="17.036" classname="com.qa.mytest.LoginTest"/>
</testsuite> <!-- com.qa.mytest.LoginTest -->
